<?xml version="1.0" encoding="UTF-8"?>
<coverage generated="1611191118387" clover="3.2.0">
  <project timestamp="1611191118388" name="All files">
    <metrics statements="6" coveredstatements="5" conditionals="0" coveredconditionals="0" methods="3" coveredmethods="2" elements="9" coveredelements="7" complexity="0" loc="6" ncloc="6" packages="1" files="2" classes="2"/>
    <file name="Category.jsx" path="/Users/errol/Documents/Dev/_Hack Reactor/_HRSF132/projects/reservation/client/src/components/Category.jsx">
      <metrics statements="2" coveredstatements="1" conditionals="0" coveredconditionals="0" methods="1" coveredmethods="0"/>
      <line num="3" count="1" type="stmt"/>
      <line num="4" count="0" type="stmt"/>
    </file>
    <file name="Guests.jsx" path="/Users/errol/Documents/Dev/_Hack Reactor/_HRSF132/projects/reservation/client/src/components/Guests.jsx">
      <metrics statements="4" coveredstatements="4" conditionals="0" coveredconditionals="0" methods="2" coveredmethods="2"/>
      <line num="4" count="1" type="stmt"/>
      <line num="8" count="1" type="stmt"/>
      <line num="9" count="1" type="stmt"/>
      <line num="13" count="1" type="stmt"/>
    </file>
  </project>
</coverage>
